Sep 11 2025 06:52:43
{"type":8192,"message":"Return type of Ai1wm_Recursive_Newline_Filter::accept() should either be compatible with FilterIterator::accept(): bool, or the #[\\ReturnTypeWillChange] attribute should be used to temporarily suppress the notice","file":"C:\\xamppnew\\htdocs\\johnfennellycleaning\\wp-content\\plugins\\all-in-one-wp-migration\\lib\\vendor\\servmask\\filter\\class-ai1wm-recursive-newline-filter.php","line":28}

Sep 11 2025 06:52:43
{"type":8192,"message":"Return type of Ai1wm_Recursive_Newline_Filter::accept() should either be compatible with FilterIterator::accept(): bool, or the #[\\ReturnTypeWillChange] attribute should be used to temporarily suppress the notice","file":"C:\\xamppnew\\htdocs\\johnfennellycleaning\\wp-content\\plugins\\all-in-one-wp-migration\\lib\\vendor\\servmask\\filter\\class-ai1wm-recursive-newline-filter.php","line":28}

Sep 11 2025 06:52:44
{"type":8192,"message":"Return type of Ai1wm_Recursive_Newline_Filter::accept() should either be compatible with FilterIterator::accept(): bool, or the #[\\ReturnTypeWillChange] attribute should be used to temporarily suppress the notice","file":"C:\\xamppnew\\htdocs\\johnfennellycleaning\\wp-content\\plugins\\all-in-one-wp-migration\\lib\\vendor\\servmask\\filter\\class-ai1wm-recursive-newline-filter.php","line":28}

Sep 11 2025 06:52:54
{"type":8192,"message":"Return type of Ai1wm_Recursive_Newline_Filter::accept() should either be compatible with FilterIterator::accept(): bool, or the #[\\ReturnTypeWillChange] attribute should be used to temporarily suppress the notice","file":"C:\\xamppnew\\htdocs\\johnfennellycleaning\\wp-content\\plugins\\all-in-one-wp-migration\\lib\\vendor\\servmask\\filter\\class-ai1wm-recursive-newline-filter.php","line":28}

Sep 11 2025 06:52:55
{"type":8192,"message":"Return type of Ai1wm_Recursive_Newline_Filter::accept() should either be compatible with FilterIterator::accept(): bool, or the #[\\ReturnTypeWillChange] attribute should be used to temporarily suppress the notice","file":"C:\\xamppnew\\htdocs\\johnfennellycleaning\\wp-content\\plugins\\all-in-one-wp-migration\\lib\\vendor\\servmask\\filter\\class-ai1wm-recursive-newline-filter.php","line":28}

Sep 11 2025 06:53:00
{"type":8192,"message":"Return type of Ai1wm_Recursive_Newline_Filter::accept() should either be compatible with FilterIterator::accept(): bool, or the #[\\ReturnTypeWillChange] attribute should be used to temporarily suppress the notice","file":"C:\\xamppnew\\htdocs\\johnfennellycleaning\\wp-content\\plugins\\all-in-one-wp-migration\\lib\\vendor\\servmask\\filter\\class-ai1wm-recursive-newline-filter.php","line":28}

Sep 11 2025 06:53:02
{"type":8192,"message":"Return type of Ai1wm_Recursive_Newline_Filter::accept() should either be compatible with FilterIterator::accept(): bool, or the #[\\ReturnTypeWillChange] attribute should be used to temporarily suppress the notice","file":"C:\\xamppnew\\htdocs\\johnfennellycleaning\\wp-content\\plugins\\all-in-one-wp-migration\\lib\\vendor\\servmask\\filter\\class-ai1wm-recursive-newline-filter.php","line":28}

Sep 11 2025 06:53:02
{"Number":8192,"Message":"rtrim(): Passing null to parameter #1 ($string) of type string is deprecated","File":"C:\\xamppnew\\htdocs\\johnfennellycleaning\\wp-includes\\formatting.php","Line":2829}

Sep 11 2025 06:53:02
{"Number":8192,"Message":"rtrim(): Passing null to parameter #1 ($string) of type string is deprecated","File":"C:\\xamppnew\\htdocs\\johnfennellycleaning\\wp-includes\\formatting.php","Line":2829}

Sep 11 2025 06:53:02
{"Number":8192,"Message":"rtrim(): Passing null to parameter #1 ($string) of type string is deprecated","File":"C:\\xamppnew\\htdocs\\johnfennellycleaning\\wp-includes\\formatting.php","Line":2829}

Sep 11 2025 06:53:02
{"Number":8192,"Message":"rtrim(): Passing null to parameter #1 ($string) of type string is deprecated","File":"C:\\xamppnew\\htdocs\\johnfennellycleaning\\wp-includes\\formatting.php","Line":2829}

Sep 11 2025 06:53:02
{"Number":8192,"Message":"rtrim(): Passing null to parameter #1 ($string) of type string is deprecated","File":"C:\\xamppnew\\htdocs\\johnfennellycleaning\\wp-includes\\formatting.php","Line":2829}

Sep 11 2025 06:53:02
{"Number":8192,"Message":"rtrim(): Passing null to parameter #1 ($string) of type string is deprecated","File":"C:\\xamppnew\\htdocs\\johnfennellycleaning\\wp-includes\\formatting.php","Line":2829}

Sep 11 2025 06:53:02
{"Number":8192,"Message":"rtrim(): Passing null to parameter #1 ($string) of type string is deprecated","File":"C:\\xamppnew\\htdocs\\johnfennellycleaning\\wp-includes\\formatting.php","Line":2829}

Sep 11 2025 06:53:02
{"Number":8192,"Message":"rtrim(): Passing null to parameter #1 ($string) of type string is deprecated","File":"C:\\xamppnew\\htdocs\\johnfennellycleaning\\wp-includes\\formatting.php","Line":2829}

Sep 11 2025 06:53:02
{"Number":8192,"Message":"rtrim(): Passing null to parameter #1 ($string) of type string is deprecated","File":"C:\\xamppnew\\htdocs\\johnfennellycleaning\\wp-includes\\formatting.php","Line":2829}

Sep 11 2025 06:53:02
{"Number":8192,"Message":"rtrim(): Passing null to parameter #1 ($string) of type string is deprecated","File":"C:\\xamppnew\\htdocs\\johnfennellycleaning\\wp-includes\\formatting.php","Line":2829}

Sep 11 2025 06:53:02
{"Number":8192,"Message":"Creation of dynamic property Ai1wm_Database_Mysqli::$old_replace_raw_values is deprecated","File":"C:\\xamppnew\\htdocs\\johnfennellycleaning\\wp-content\\plugins\\all-in-one-wp-migration\\lib\\vendor\\servmask\\database\\class-ai1wm-database.php","Line":238}

Sep 11 2025 06:53:02
{"Number":8192,"Message":"Creation of dynamic property Ai1wm_Database_Mysqli::$new_replace_raw_values is deprecated","File":"C:\\xamppnew\\htdocs\\johnfennellycleaning\\wp-content\\plugins\\all-in-one-wp-migration\\lib\\vendor\\servmask\\database\\class-ai1wm-database.php","Line":259}

Sep 11 2025 06:53:05
{"type":8192,"message":"Return type of Ai1wm_Recursive_Newline_Filter::accept() should either be compatible with FilterIterator::accept(): bool, or the #[\\ReturnTypeWillChange] attribute should be used to temporarily suppress the notice","file":"C:\\xamppnew\\htdocs\\johnfennellycleaning\\wp-content\\plugins\\all-in-one-wp-migration\\lib\\vendor\\servmask\\filter\\class-ai1wm-recursive-newline-filter.php","line":28}

Sep 11 2025 06:53:06
{"type":8192,"message":"Return type of Ai1wm_Recursive_Newline_Filter::accept() should either be compatible with FilterIterator::accept(): bool, or the #[\\ReturnTypeWillChange] attribute should be used to temporarily suppress the notice","file":"C:\\xamppnew\\htdocs\\johnfennellycleaning\\wp-content\\plugins\\all-in-one-wp-migration\\lib\\vendor\\servmask\\filter\\class-ai1wm-recursive-newline-filter.php","line":28}

Sep 11 2025 06:53:08
{"type":8192,"message":"Creation of dynamic property acf_field_clone::$have_rows is deprecated","file":"C:\\xamppnew\\htdocs\\johnfennellycleaning\\wp-content\\plugins\\advanced-custom-fields-pro-master-1\\pro\\fields\\class-acf-field-clone.php","line":35}

Sep 11 2025 06:53:39
{"type":8192,"message":"Creation of dynamic property acf_field_clone::$have_rows is deprecated","file":"C:\\xamppnew\\htdocs\\johnfennellycleaning\\wp-content\\plugins\\advanced-custom-fields-pro-master-1\\pro\\fields\\class-acf-field-clone.php","line":35}

Sep 11 2025 06:53:40
{"type":8192,"message":"Creation of dynamic property acf_field_clone::$have_rows is deprecated","file":"C:\\xamppnew\\htdocs\\johnfennellycleaning\\wp-content\\plugins\\advanced-custom-fields-pro-master-1\\pro\\fields\\class-acf-field-clone.php","line":35}

Sep 11 2025 06:53:41
{"type":8192,"message":"Creation of dynamic property acf_field_clone::$have_rows is deprecated","file":"C:\\xamppnew\\htdocs\\johnfennellycleaning\\wp-content\\plugins\\advanced-custom-fields-pro-master-1\\pro\\fields\\class-acf-field-clone.php","line":35}

Sep 11 2025 06:53:48
{"type":8192,"message":"Creation of dynamic property acf_field_clone::$have_rows is deprecated","file":"C:\\xamppnew\\htdocs\\johnfennellycleaning\\wp-content\\plugins\\advanced-custom-fields-pro-master-1\\pro\\fields\\class-acf-field-clone.php","line":35}

Sep 11 2025 06:53:49
{"type":8192,"message":"Creation of dynamic property acf_field_clone::$have_rows is deprecated","file":"C:\\xamppnew\\htdocs\\johnfennellycleaning\\wp-content\\plugins\\advanced-custom-fields-pro-master-1\\pro\\fields\\class-acf-field-clone.php","line":35}

Sep 11 2025 06:53:55
{"type":8192,"message":"Creation of dynamic property acf_field_clone::$have_rows is deprecated","file":"C:\\xamppnew\\htdocs\\johnfennellycleaning\\wp-content\\plugins\\advanced-custom-fields-pro-master-1\\pro\\fields\\class-acf-field-clone.php","line":35}

Sep 11 2025 06:53:56
{"type":8192,"message":"Creation of dynamic property acf_field_clone::$have_rows is deprecated","file":"C:\\xamppnew\\htdocs\\johnfennellycleaning\\wp-content\\plugins\\advanced-custom-fields-pro-master-1\\pro\\fields\\class-acf-field-clone.php","line":35}

Sep 11 2025 06:53:57
{"Number":8192,"Message":"rtrim(): Passing null to parameter #1 ($string) of type string is deprecated","File":"C:\\xamppnew\\htdocs\\johnfennellycleaning\\wp-includes\\formatting.php","Line":2829}

Sep 11 2025 06:53:57
{"Number":8192,"Message":"rtrim(): Passing null to parameter #1 ($string) of type string is deprecated","File":"C:\\xamppnew\\htdocs\\johnfennellycleaning\\wp-includes\\formatting.php","Line":2829}

Sep 11 2025 06:53:57
{"Number":8192,"Message":"rtrim(): Passing null to parameter #1 ($string) of type string is deprecated","File":"C:\\xamppnew\\htdocs\\johnfennellycleaning\\wp-includes\\formatting.php","Line":2829}

Sep 11 2025 06:53:57
{"Number":8192,"Message":"rtrim(): Passing null to parameter #1 ($string) of type string is deprecated","File":"C:\\xamppnew\\htdocs\\johnfennellycleaning\\wp-includes\\formatting.php","Line":2829}

Sep 11 2025 06:53:57
{"Number":8192,"Message":"rtrim(): Passing null to parameter #1 ($string) of type string is deprecated","File":"C:\\xamppnew\\htdocs\\johnfennellycleaning\\wp-includes\\formatting.php","Line":2829}

Sep 11 2025 06:53:57
{"Number":8192,"Message":"rtrim(): Passing null to parameter #1 ($string) of type string is deprecated","File":"C:\\xamppnew\\htdocs\\johnfennellycleaning\\wp-includes\\formatting.php","Line":2829}

Sep 11 2025 06:53:57
{"Number":8192,"Message":"rtrim(): Passing null to parameter #1 ($string) of type string is deprecated","File":"C:\\xamppnew\\htdocs\\johnfennellycleaning\\wp-includes\\formatting.php","Line":2829}

Sep 11 2025 06:53:57
{"Number":8192,"Message":"rtrim(): Passing null to parameter #1 ($string) of type string is deprecated","File":"C:\\xamppnew\\htdocs\\johnfennellycleaning\\wp-includes\\formatting.php","Line":2829}

Sep 11 2025 06:53:57
{"Number":8192,"Message":"rtrim(): Passing null to parameter #1 ($string) of type string is deprecated","File":"C:\\xamppnew\\htdocs\\johnfennellycleaning\\wp-includes\\formatting.php","Line":2829}

Sep 11 2025 06:53:57
{"Number":8192,"Message":"rtrim(): Passing null to parameter #1 ($string) of type string is deprecated","File":"C:\\xamppnew\\htdocs\\johnfennellycleaning\\wp-includes\\formatting.php","Line":2829}

Sep 11 2025 06:53:57
{"Number":8192,"Message":"Creation of dynamic property Ai1wm_Database_Mysqli::$old_replace_raw_values is deprecated","File":"C:\\xamppnew\\htdocs\\johnfennellycleaning\\wp-content\\plugins\\all-in-one-wp-migration\\lib\\vendor\\servmask\\database\\class-ai1wm-database.php","Line":238}

Sep 11 2025 06:53:57
{"Number":8192,"Message":"Creation of dynamic property Ai1wm_Database_Mysqli::$new_replace_raw_values is deprecated","File":"C:\\xamppnew\\htdocs\\johnfennellycleaning\\wp-content\\plugins\\all-in-one-wp-migration\\lib\\vendor\\servmask\\database\\class-ai1wm-database.php","Line":259}

Sep 11 2025 06:54:00
{"type":8192,"message":"Creation of dynamic property acf_field_clone::$have_rows is deprecated","file":"C:\\xamppnew\\htdocs\\johnfennellycleaning\\wp-content\\plugins\\advanced-custom-fields-pro-master-1\\pro\\fields\\class-acf-field-clone.php","line":35}

Sep 11 2025 06:54:02
{"type":8192,"message":"Return type of Ai1wm_Recursive_Newline_Filter::accept() should either be compatible with FilterIterator::accept(): bool, or the #[\\ReturnTypeWillChange] attribute should be used to temporarily suppress the notice","file":"C:\\xamppnew\\htdocs\\johnfennellycleaning\\wp-content\\plugins\\all-in-one-wp-migration\\lib\\vendor\\servmask\\filter\\class-ai1wm-recursive-newline-filter.php","line":28}

Sep 11 2025 06:54:03
{"type":8192,"message":"Creation of dynamic property acf_field_clone::$have_rows is deprecated","file":"C:\\xamppnew\\htdocs\\johnfennellycleaning\\wp-content\\plugins\\advanced-custom-fields-pro-master-1\\pro\\fields\\class-acf-field-clone.php","line":35}

